<?xml version="1.0" encoding="UTF-8"?>
<!-- Generated by org.testng.reporters.JUnitXMLReporter -->
<testsuite ignored="2" hostname="Mostafa-Sayed" failures="0" tests="3" name="Surefire test" time="5.367" errors="0" timestamp="2024-10-12T18:23:03 EEST">
  <testcase classname="tests.SearchUserTest" name="RegisteredUserCanLogin" time="2.889"/>
  <testcase classname="tests.SearchUserTest" name="ClickonPim" time="1.491"/>
  <testcase classname="tests.SearchUserTest" name="SearchForEmployee" time="0.776"/>
  <testcase classname="tests.TestBase" name="@BeforeSuite startDriver" time="0.0">
    <ignored/>
  </testcase> <!-- @BeforeSuite startDriver -->
  <testcase classname="tests.TestBase" name="@AfterSuite stopDriver" time="0.0">
    <ignored/>
  </testcase> <!-- @AfterSuite stopDriver -->
</testsuite> <!-- Surefire test -->
