<?xml version="1.0" encoding="UTF-8"?>
<testng-results ignored="0" total="3" passed="3" failed="0" skipped="0">
  <reporter-output>
  </reporter-output>
  <suite started-at="2024-10-12T18:22:58 EEST" name="Surefire suite" finished-at="2024-10-12T18:23:03 EEST" duration-ms="5367">
    <groups>
    </groups>
    <test started-at="2024-10-12T18:22:58 EEST" name="Surefire test" finished-at="2024-10-12T18:23:03 EEST" duration-ms="5367">
      <class name="tests.SearchUserTest">
        <test-method is-config="true" signature="startDriver()[pri:0, instance:tests.SearchUserTest@3abada5a]" started-at="2024-10-12T18:22:47 EEST" name="startDriver" finished-at="2024-10-12T18:22:58 EEST" duration-ms="10685" status="PASS">
          <reporter-output>
          </reporter-output>
        </test-method> <!-- startDriver -->
        <test-method signature="RegisteredUserCanLogin()[pri:2, instance:tests.SearchUserTest@3abada5a]" started-at="2024-10-12T18:22:58 EEST" name="RegisteredUserCanLogin" finished-at="2024-10-12T18:23:01 EEST" duration-ms="2889" status="PASS">
          <reporter-output>
          </reporter-output>
        </test-method> <!-- RegisteredUserCanLogin -->
        <test-method is-config="true" signature="screenshotOnFailure(org.testng.ITestResult)[pri:0, instance:tests.SearchUserTest@3abada5a]" started-at="2024-10-12T18:23:01 EEST" name="screenshotOnFailure" finished-at="2024-10-12T18:23:01 EEST" duration-ms="3" status="PASS">
          <params>
            <param index="0">
              <value>
                <![CDATA[[TestResult name=RegisteredUserCanLogin status=SUCCESS method=SearchUserTest.RegisteredUserCanLogin()[pri:2, instance:tests.SearchUserTest@3abada5a] output={null}]]]>
              </value>
            </param>
          </params>
          <reporter-output>
          </reporter-output>
        </test-method> <!-- screenshotOnFailure -->
        <test-method signature="ClickonPim()[pri:0, instance:tests.SearchUserTest@3abada5a]" started-at="2024-10-12T18:23:01 EEST" name="ClickonPim" finished-at="2024-10-12T18:23:02 EEST" depends-on-methods="tests.SearchUserTest.RegisteredUserCanLogin" duration-ms="1491" status="PASS">
          <reporter-output>
          </reporter-output>
        </test-method> <!-- ClickonPim -->
        <test-method is-config="true" signature="screenshotOnFailure(org.testng.ITestResult)[pri:0, instance:tests.SearchUserTest@3abada5a]" started-at="2024-10-12T18:23:02 EEST" name="screenshotOnFailure" finished-at="2024-10-12T18:23:02 EEST" duration-ms="3" status="PASS">
          <params>
            <param index="0">
              <value>
                <![CDATA[[TestResult name=ClickonPim status=SUCCESS method=SearchUserTest.ClickonPim()[pri:0, instance:tests.SearchUserTest@3abada5a] output={null}]]]>
              </value>
            </param>
          </params>
          <reporter-output>
          </reporter-output>
        </test-method> <!-- screenshotOnFailure -->
        <test-method signature="SearchForEmployee()[pri:0, instance:tests.SearchUserTest@3abada5a]" started-at="2024-10-12T18:23:02 EEST" name="SearchForEmployee" finished-at="2024-10-12T18:23:03 EEST" depends-on-methods="tests.SearchUserTest.ClickonPim" duration-ms="776" status="PASS">
          <reporter-output>
          </reporter-output>
        </test-method> <!-- SearchForEmployee -->
        <test-method is-config="true" signature="screenshotOnFailure(org.testng.ITestResult)[pri:0, instance:tests.SearchUserTest@3abada5a]" started-at="2024-10-12T18:23:03 EEST" name="screenshotOnFailure" finished-at="2024-10-12T18:23:03 EEST" duration-ms="1" status="PASS">
          <params>
            <param index="0">
              <value>
                <![CDATA[[TestResult name=SearchForEmployee status=SUCCESS method=SearchUserTest.SearchForEmployee()[pri:0, instance:tests.SearchUserTest@3abada5a] output={null}]]]>
              </value>
            </param>
          </params>
          <reporter-output>
          </reporter-output>
        </test-method> <!-- screenshotOnFailure -->
        <test-method is-config="true" signature="stopDriver()[pri:0, instance:tests.SearchUserTest@3abada5a]" started-at="2024-10-12T18:23:03 EEST" name="stopDriver" finished-at="2024-10-12T18:23:03 EEST" duration-ms="204" status="PASS">
          <reporter-output>
          </reporter-output>
        </test-method> <!-- stopDriver -->
      </class> <!-- tests.SearchUserTest -->
    </test> <!-- Surefire test -->
  </suite> <!-- Surefire suite -->
</testng-results>
